
Running 17 tests using 9 workers

  -   3 [chromium] › tests/e2e/tasks-tab-dnd.spec.ts:24:5 › Phase 52: Tasks tab Kanban drag-and-drop parity › tasks tab drag persists in rtl @ 768x1024
  -   4 [chromium] › tests/e2e/tasks-tab-dnd.spec.ts:24:5 › Phase 52: Tasks tab Kanban drag-and-drop parity › tasks tab drag persists in ltr @ 768x1024
  -  11 [chromium] › tests/e2e/tasks-tab-keyboard.spec.ts:23:5 › Phase 52: Tasks tab Kanban keyboard parity › tasks tab keyboard move persists in ltr @ 768x1024
  -   5 [chromium] › tests/e2e/tasks-tab-dnd.spec.ts:24:5 › Phase 52: Tasks tab Kanban drag-and-drop parity › tasks tab drag persists in ltr @ 1280x800
  -  13 [chromium] › tests/e2e/tasks-tab-keyboard.spec.ts:23:5 › Phase 52: Tasks tab Kanban keyboard parity › tasks tab keyboard move persists in rtl @ 768x1024
  -   1 [chromium] › tests/e2e/tasks-tab-dnd.spec.ts:110:3 › Phase 57: Tasks tab mobile <select> Move to picker (D-19 scope-out closure) › mobile <select> Move to picker updates workflow_stage
  -   2 [chromium] › tests/e2e/tasks-tab-dnd.spec.ts:24:5 › Phase 52: Tasks tab Kanban drag-and-drop parity › tasks tab drag persists in rtl @ 1280x800
  -  10 [chromium] › tests/e2e/tasks-tab-keyboard.spec.ts:23:5 › Phase 52: Tasks tab Kanban keyboard parity › tasks tab keyboard move persists in ltr @ 1280x800
  -  12 [chromium] › tests/e2e/tasks-tab-keyboard.spec.ts:23:5 › Phase 52: Tasks tab Kanban keyboard parity › tasks tab keyboard move persists in rtl @ 1280x800
  ✓   7 [chromium] › tests/e2e/tasks-tab-a11y.spec.ts:20:5 › Phase 52: Tasks tab Kanban axe a11y › tasks tab has zero serious or critical violations in ltr @ 1280x800 (4.9s)
  ✓   9 [chromium] › tests/e2e/tasks-tab-a11y.spec.ts:20:5 › Phase 52: Tasks tab Kanban axe a11y › tasks tab has zero serious or critical violations in rtl @ 1280x800 (5.0s)
  ✓   6 [chromium] › tests/e2e/tasks-tab-a11y.spec.ts:20:5 › Phase 52: Tasks tab Kanban axe a11y › tasks tab has zero serious or critical violations in ltr @ 768x1024 (5.0s)
  ✓   8 [chromium] › tests/e2e/tasks-tab-a11y.spec.ts:20:5 › Phase 52: Tasks tab Kanban axe a11y › tasks tab has zero serious or critical violations in rtl @ 768x1024 (5.1s)
  ✓  14 [chromium] › tests/e2e/tasks-tab-visual.spec.ts:15:5 › Phase 52: Tasks tab Kanban visual regression › tasks-tab ltr @ 1280x800 (3.9s)
  ✓  15 [chromium] › tests/e2e/tasks-tab-visual.spec.ts:15:5 › Phase 52: Tasks tab Kanban visual regression › tasks-tab ltr @ 768x1024 (3.7s)
  ✓  17 [chromium] › tests/e2e/tasks-tab-visual.spec.ts:15:5 › Phase 52: Tasks tab Kanban visual regression › tasks-tab rtl @ 1280x800 (3.8s)
  ✓  16 [chromium] › tests/e2e/tasks-tab-visual.spec.ts:15:5 › Phase 52: Tasks tab Kanban visual regression › tasks-tab rtl @ 768x1024 (3.8s)

  9 skipped
  8 passed (11.3s)
